# JRE version: OpenJDK Runtime Environment (8.0_131-b11) (build 1.8.0_131-8u131-b11-2ubuntu1.16.04.3-b11)
# Java VM: OpenJDK 64-Bit Server VM (25.131-b11 mixed mode linux-amd64 compressed oops)
Heap:
 def new generation   total 172160K, used 19030K [0x00000000c2800000, 0x00000000ce2c0000, 0x00000000d7000000)
  eden space 153088K,  12% used [0x00000000c2800000, 0x00000000c3a959d0, 0x00000000cbd80000)
  from space 19072K,   0% used [0x00000000cbd80000, 0x00000000cbd80000, 0x00000000cd020000)
  to   space 19072K,   0% used [0x00000000cd020000, 0x00000000cd020000, 0x00000000ce2c0000)
 tenured generation   total 401556K, used 401555K [0x00000000d7000000, 0x00000000ef825000, 0x0000000100000000)
   the space 401556K,  99% used [0x00000000d7000000, 0x00000000ef824ff8, 0x00000000ef825000, 0x00000000ef825000)
 Metaspace       used 7492K, capacity 7742K, committed 7936K, reserved 1056768K
  class space    used 906K, capacity 976K, committed 1024K, reserved 1048576K
GC Heap History (10 events):
Event: 5.157 GC heap after
Heap after GC invocations=20 (full 3):
 def new generation   total 98304K, used 10879K [0x00000000c2800000, 0x00000000c92a0000, 0x00000000d7000000)
  eden space 87424K,   0% used [0x00000000c2800000, 0x00000000c2800000, 0x00000000c7d60000)
  from space 10880K,  99% used [0x00000000c8800000, 0x00000000c929fff8, 0x00000000c92a0000)
  to   space 10880K,   0% used [0x00000000c7d60000, 0x00000000c7d60000, 0x00000000c8800000)
 tenured generation   total 218276K, used 202996K [0x00000000d7000000, 0x00000000e4529000, 0x0000000100000000)
   the space 218276K,  93% used [0x00000000d7000000, 0x00000000e363d2f0, 0x00000000e363d400, 0x00000000e4529000)
 Metaspace       used 7492K, capacity 7742K, committed 7936K, reserved 1056768K
  class space    used 906K, capacity 976K, committed 1024K, reserved 1048576K
}
Event: 5.270 GC heap before
{Heap before GC invocations=20 (full 3):
 def new generation   total 98304K, used 98303K [0x00000000c2800000, 0x00000000c92a0000, 0x00000000d7000000)
  eden space 87424K, 100% used [0x00000000c2800000, 0x00000000c7d60000, 0x00000000c7d60000)
  from space 10880K,  99% used [0x00000000c8800000, 0x00000000c929fff8, 0x00000000c92a0000)
  to   space 10880K,   0% used [0x00000000c7d60000, 0x00000000c7d60000, 0x00000000c8800000)
 tenured generation   total 218276K, used 202996K [0x00000000d7000000, 0x00000000e4529000, 0x0000000100000000)
   the space 218276K,  93% used [0x00000000d7000000, 0x00000000e363d2f0, 0x00000000e363d400, 0x00000000e4529000)
 Metaspace       used 7492K, capacity 7742K, committed 7936K, reserved 1056768K
  class space    used 906K, capacity 976K, committed 1024K, reserved 1048576K
Event: 7.411 GC heap after
Heap after GC invocations=21 (full 4):
 def new generation   total 172160K, used 10671K [0x00000000c2800000, 0x00000000ce2c0000, 0x00000000d7000000)
  eden space 153088K,   6% used [0x00000000c2800000, 0x00000000c326be88, 0x00000000cbd80000)
  from space 19072K,   0% used [0x00000000cbd80000, 0x00000000cbd80000, 0x00000000cd020000)
  to   space 19072K,   0% used [0x00000000cd020000, 0x00000000cd020000, 0x00000000ce2c0000)
 tenured generation   total 382356K, used 229411K [0x00000000d7000000, 0x00000000ee565000, 0x0000000100000000)
   the space 382356K,  59% used [0x00000000d7000000, 0x00000000e5008ff0, 0x00000000e5009000, 0x00000000ee565000)
 Metaspace       used 7492K, capacity 7742K, committed 7936K, reserved 1056768K
  class space    used 906K, capacity 976K, committed 1024K, reserved 1048576K
}
Event: 7.961 GC heap before
{Heap before GC invocations=21 (full 4):
 def new generation   total 172160K, used 153088K [0x00000000c2800000, 0x00000000ce2c0000, 0x00000000d7000000)
  eden space 153088K, 100% used [0x00000000c2800000, 0x00000000cbd80000, 0x00000000cbd80000)
  from space 19072K,   0% used [0x00000000cbd80000, 0x00000000cbd80000, 0x00000000cd020000)
  to   space 19072K,   0% used [0x00000000cd020000, 0x00000000cd020000, 0x00000000ce2c0000)
 tenured generation   total 382356K, used 229411K [0x00000000d7000000, 0x00000000ee565000, 0x0000000100000000)
   the space 382356K,  59% used [0x00000000d7000000, 0x00000000e5008ff0, 0x00000000e5009000, 0x00000000ee565000)
 Metaspace       used 7492K, capacity 7742K, committed 7936K, reserved 1056768K
  class space    used 906K, capacity 976K, committed 1024K, reserved 1048576K
Event: 9.792 GC heap after
Heap after GC invocations=22 (full 4):
 def new generation   total 172160K, used 19071K [0x00000000c2800000, 0x00000000ce2c0000, 0x00000000d7000000)
  eden space 153088K,   0% used [0x00000000c2800000, 0x00000000c2800000, 0x00000000cbd80000)
  from space 19072K,  99% used [0x00000000cd020000, 0x00000000ce2bfff0, 0x00000000ce2c0000)
  to   space 19072K,   0% used [0x00000000cbd80000, 0x00000000cbd80000, 0x00000000cd020000)
 tenured generation   total 382356K, used 263736K [0x00000000d7000000, 0x00000000ee565000, 0x0000000100000000)
   the space 382356K,  68% used [0x00000000d7000000, 0x00000000e718e0d0, 0x00000000e718e200, 0x00000000ee565000)
 Metaspace       used 7492K, capacity 7742K, committed 7936K, reserved 1056768K
  class space    used 906K, capacity 976K, committed 1024K, reserved 1048576K
}
Event: 10.075 GC heap before
{Heap before GC invocations=22 (full 4):
 def new generation   total 172160K, used 172159K [0x00000000c2800000, 0x00000000ce2c0000, 0x00000000d7000000)
  eden space 153088K, 100% used [0x00000000c2800000, 0x00000000cbd80000, 0x00000000cbd80000)
  from space 19072K,  99% used [0x00000000cd020000, 0x00000000ce2bfff0, 0x00000000ce2c0000)
  to   space 19072K,   0% used [0x00000000cbd80000, 0x00000000cbd80000, 0x00000000cd020000)
 tenured generation   total 382356K, used 263736K [0x00000000d7000000, 0x00000000ee565000, 0x0000000100000000)
   the space 382356K,  68% used [0x00000000d7000000, 0x00000000e718e0d0, 0x00000000e718e200, 0x00000000ee565000)
 Metaspace       used 7492K, capacity 7742K, committed 7936K, reserved 1056768K
  class space    used 906K, capacity 976K, committed 1024K, reserved 1048576K
Event: 12.276 GC heap after
Heap after GC invocations=23 (full 4):
 def new generation   total 172160K, used 19071K [0x00000000c2800000, 0x00000000ce2c0000, 0x00000000d7000000)
  eden space 153088K,   0% used [0x00000000c2800000, 0x00000000c2800000, 0x00000000cbd80000)
  from space 19072K,  99% used [0x00000000cbd80000, 0x00000000cd01fff0, 0x00000000cd020000)
  to   space 19072K,   0% used [0x00000000cd020000, 0x00000000cd020000, 0x00000000ce2c0000)
 tenured generation   total 382356K, used 309662K [0x00000000d7000000, 0x00000000ee565000, 0x0000000100000000)
   the space 382356K,  80% used [0x00000000d7000000, 0x00000000e9e67970, 0x00000000e9e67a00, 0x00000000ee565000)
 Metaspace       used 7492K, capacity 7742K, committed 7936K, reserved 1056768K
  class space    used 906K, capacity 976K, committed 1024K, reserved 1048576K
}
Event: 12.361 GC heap before
{Heap before GC invocations=23 (full 4):
 def new generation   total 172160K, used 172159K [0x00000000c2800000, 0x00000000ce2c0000, 0x00000000d7000000)
  eden space 153088K, 100% used [0x00000000c2800000, 0x00000000cbd80000, 0x00000000cbd80000)
  from space 19072K,  99% used [0x00000000cbd80000, 0x00000000cd01fff0, 0x00000000cd020000)
  to   space 19072K,   0% used [0x00000000cd020000, 0x00000000cd020000, 0x00000000ce2c0000)
 tenured generation   total 382356K, used 309662K [0x00000000d7000000, 0x00000000ee565000, 0x0000000100000000)
   the space 382356K,  80% used [0x00000000d7000000, 0x00000000e9e67970, 0x00000000e9e67a00, 0x00000000ee565000)
 Metaspace       used 7492K, capacity 7742K, committed 7936K, reserved 1056768K
  class space    used 906K, capacity 976K, committed 1024K, reserved 1048576K
Event: 12.545 GC heap after
Heap after GC invocations=24 (full 4):
 def new generation   total 172160K, used 19071K [0x00000000c2800000, 0x00000000ce2c0000, 0x00000000d7000000)
  eden space 153088K,   0% used [0x00000000c2800000, 0x00000000c2800000, 0x00000000cbd80000)
  from space 19072K,  99% used [0x00000000cd020000, 0x00000000ce2bfff0, 0x00000000ce2c0000)
  to   space 19072K,   0% used [0x00000000cbd80000, 0x00000000cbd80000, 0x00000000cd020000)
 tenured generation   total 382356K, used 355588K [0x00000000d7000000, 0x00000000ee565000, 0x0000000100000000)
   the space 382356K,  92% used [0x00000000d7000000, 0x00000000ecb41210, 0x00000000ecb41400, 0x00000000ee565000)
 Metaspace       used 7492K, capacity 7742K, committed 7936K, reserved 1056768K
  class space    used 906K, capacity 976K, committed 1024K, reserved 1048576K
}
Event: 12.751 GC heap before
{Heap before GC invocations=24 (full 4):
 def new generation   total 172160K, used 172159K [0x00000000c2800000, 0x00000000ce2c0000, 0x00000000d7000000)
  eden space 153088K, 100% used [0x00000000c2800000, 0x00000000cbd80000, 0x00000000cbd80000)
  from space 19072K,  99% used [0x00000000cd020000, 0x00000000ce2bfff0, 0x00000000ce2c0000)
  to   space 19072K,   0% used [0x00000000cbd80000, 0x00000000cbd80000, 0x00000000cd020000)
 tenured generation   total 382356K, used 355588K [0x00000000d7000000, 0x00000000ee565000, 0x0000000100000000)
   the space 382356K,  92% used [0x00000000d7000000, 0x00000000ecb41210, 0x00000000ecb41400, 0x00000000ee565000)
 Metaspace       used 7492K, capacity 7742K, committed 7936K, reserved 1056768K
  class space    used 906K, capacity 976K, committed 1024K, reserved 1048576K

