# JRE version: OpenJDK Runtime Environment (8.0_131-b11) (build 1.8.0_131-8u131-b11-2ubuntu1.16.04.3-b11)
# Java VM: OpenJDK 64-Bit Server VM (25.131-b11 mixed mode linux-amd64 compressed oops)
Heap:
 def new generation   total 196608K, used 21667K [0x00000000c2800000, 0x00000000cfd50000, 0x00000000d7000000)
  eden space 174784K,  12% used [0x00000000c2800000, 0x00000000c3d28fc8, 0x00000000cd2b0000)
  from space 21824K,   0% used [0x00000000cd2b0000, 0x00000000cd2b0000, 0x00000000ce800000)
  to   space 21824K,   0% used [0x00000000ce800000, 0x00000000ce800000, 0x00000000cfd50000)
 tenured generation   total 473216K, used 473216K [0x00000000d7000000, 0x00000000f3e20000, 0x0000000100000000)
   the space 473216K, 100% used [0x00000000d7000000, 0x00000000f3e20000, 0x00000000f3e20000, 0x00000000f3e20000)
 Metaspace       used 7486K, capacity 7742K, committed 7936K, reserved 1056768K
  class space    used 906K, capacity 976K, committed 1024K, reserved 1048576K
GC Heap History (10 events):
Event: 4.253 GC heap after
Heap after GC invocations=20 (full 3):
 def new generation   total 108864K, used 12096K [0x00000000c2800000, 0x00000000c9e20000, 0x00000000d7000000)
  eden space 96768K,   0% used [0x00000000c2800000, 0x00000000c2800000, 0x00000000c8680000)
  from space 12096K, 100% used [0x00000000c9250000, 0x00000000c9e20000, 0x00000000c9e20000)
  to   space 12096K,   0% used [0x00000000c8680000, 0x00000000c8680000, 0x00000000c9250000)
 tenured generation   total 241880K, used 230831K [0x00000000d7000000, 0x00000000e5c36000, 0x0000000100000000)
   the space 241880K,  95% used [0x00000000d7000000, 0x00000000e516bd00, 0x00000000e516be00, 0x00000000e5c36000)
 Metaspace       used 7486K, capacity 7742K, committed 7936K, reserved 1056768K
  class space    used 906K, capacity 976K, committed 1024K, reserved 1048576K
}
Event: 4.305 GC heap before
{Heap before GC invocations=20 (full 3):
 def new generation   total 108864K, used 108864K [0x00000000c2800000, 0x00000000c9e20000, 0x00000000d7000000)
  eden space 96768K, 100% used [0x00000000c2800000, 0x00000000c8680000, 0x00000000c8680000)
  from space 12096K, 100% used [0x00000000c9250000, 0x00000000c9e20000, 0x00000000c9e20000)
  to   space 12096K,   0% used [0x00000000c8680000, 0x00000000c8680000, 0x00000000c9250000)
 tenured generation   total 241880K, used 230831K [0x00000000d7000000, 0x00000000e5c36000, 0x0000000100000000)
   the space 241880K,  95% used [0x00000000d7000000, 0x00000000e516bd00, 0x00000000e516be00, 0x00000000e5c36000)
 Metaspace       used 7486K, capacity 7742K, committed 7936K, reserved 1056768K
  class space    used 906K, capacity 976K, committed 1024K, reserved 1048576K
Event: 5.955 GC heap after
Heap after GC invocations=21 (full 4):
 def new generation   total 196608K, used 11971K [0x00000000c2800000, 0x00000000cfd50000, 0x00000000d7000000)
  eden space 174784K,   6% used [0x00000000c2800000, 0x00000000c33b0cb0, 0x00000000cd2b0000)
  from space 21824K,   0% used [0x00000000cd2b0000, 0x00000000cd2b0000, 0x00000000ce800000)
  to   space 21824K,   0% used [0x00000000ce800000, 0x00000000ce800000, 0x00000000cfd50000)
 tenured generation   total 436736K, used 262040K [0x00000000d7000000, 0x00000000f1a80000, 0x0000000100000000)
   the space 436736K,  59% used [0x00000000d7000000, 0x00000000e6fe6000, 0x00000000e6fe6000, 0x00000000f1a80000)
 Metaspace       used 7486K, capacity 7742K, committed 7936K, reserved 1056768K
  class space    used 906K, capacity 976K, committed 1024K, reserved 1048576K
}
Event: 6.115 GC heap before
{Heap before GC invocations=21 (full 4):
 def new generation   total 196608K, used 174784K [0x00000000c2800000, 0x00000000cfd50000, 0x00000000d7000000)
  eden space 174784K, 100% used [0x00000000c2800000, 0x00000000cd2b0000, 0x00000000cd2b0000)
  from space 21824K,   0% used [0x00000000cd2b0000, 0x00000000cd2b0000, 0x00000000ce800000)
  to   space 21824K,   0% used [0x00000000ce800000, 0x00000000ce800000, 0x00000000cfd50000)
 tenured generation   total 436736K, used 262040K [0x00000000d7000000, 0x00000000f1a80000, 0x0000000100000000)
   the space 436736K,  59% used [0x00000000d7000000, 0x00000000e6fe6000, 0x00000000e6fe6000, 0x00000000f1a80000)
 Metaspace       used 7486K, capacity 7742K, committed 7936K, reserved 1056768K
  class space    used 906K, capacity 976K, committed 1024K, reserved 1048576K
Event: 6.628 GC heap after
Heap after GC invocations=22 (full 4):
 def new generation   total 196608K, used 21823K [0x00000000c2800000, 0x00000000cfd50000, 0x00000000d7000000)
  eden space 174784K,   0% used [0x00000000c2800000, 0x00000000c2800000, 0x00000000cd2b0000)
  from space 21824K,  99% used [0x00000000ce800000, 0x00000000cfd4fff8, 0x00000000cfd50000)
  to   space 21824K,   0% used [0x00000000cd2b0000, 0x00000000cd2b0000, 0x00000000ce800000)
 tenured generation   total 436736K, used 304519K [0x00000000d7000000, 0x00000000f1a80000, 0x0000000100000000)
   the space 436736K,  69% used [0x00000000d7000000, 0x00000000e9961e50, 0x00000000e9962000, 0x00000000f1a80000)
 Metaspace       used 7486K, capacity 7742K, committed 7936K, reserved 1056768K
  class space    used 906K, capacity 976K, committed 1024K, reserved 1048576K
}
Event: 6.751 GC heap before
{Heap before GC invocations=22 (full 4):
 def new generation   total 196608K, used 196607K [0x00000000c2800000, 0x00000000cfd50000, 0x00000000d7000000)
  eden space 174784K, 100% used [0x00000000c2800000, 0x00000000cd2b0000, 0x00000000cd2b0000)
  from space 21824K,  99% used [0x00000000ce800000, 0x00000000cfd4fff8, 0x00000000cfd50000)
  to   space 21824K,   0% used [0x00000000cd2b0000, 0x00000000cd2b0000, 0x00000000ce800000)
 tenured generation   total 436736K, used 304519K [0x00000000d7000000, 0x00000000f1a80000, 0x0000000100000000)
   the space 436736K,  69% used [0x00000000d7000000, 0x00000000e9961e50, 0x00000000e9962000, 0x00000000f1a80000)
 Metaspace       used 7486K, capacity 7742K, committed 7936K, reserved 1056768K
  class space    used 906K, capacity 976K, committed 1024K, reserved 1048576K
Event: 7.241 GC heap after
Heap after GC invocations=23 (full 4):
 def new generation   total 196608K, used 21823K [0x00000000c2800000, 0x00000000cfd50000, 0x00000000d7000000)
  eden space 174784K,   0% used [0x00000000c2800000, 0x00000000c2800000, 0x00000000cd2b0000)
  from space 21824K,  99% used [0x00000000cd2b0000, 0x00000000ce7ffff8, 0x00000000ce800000)
  to   space 21824K,   0% used [0x00000000ce800000, 0x00000000ce800000, 0x00000000cfd50000)
 tenured generation   total 436736K, used 360699K [0x00000000d7000000, 0x00000000f1a80000, 0x0000000100000000)
   the space 436736K,  82% used [0x00000000d7000000, 0x00000000ed03ee90, 0x00000000ed03f000, 0x00000000f1a80000)
 Metaspace       used 7486K, capacity 7742K, committed 7936K, reserved 1056768K
  class space    used 906K, capacity 976K, committed 1024K, reserved 1048576K
}
Event: 7.504 GC heap before
{Heap before GC invocations=23 (full 4):
 def new generation   total 196608K, used 196607K [0x00000000c2800000, 0x00000000cfd50000, 0x00000000d7000000)
  eden space 174784K, 100% used [0x00000000c2800000, 0x00000000cd2b0000, 0x00000000cd2b0000)
  from space 21824K,  99% used [0x00000000cd2b0000, 0x00000000ce7ffff8, 0x00000000ce800000)
  to   space 21824K,   0% used [0x00000000ce800000, 0x00000000ce800000, 0x00000000cfd50000)
 tenured generation   total 436736K, used 360699K [0x00000000d7000000, 0x00000000f1a80000, 0x0000000100000000)
   the space 436736K,  82% used [0x00000000d7000000, 0x00000000ed03ee90, 0x00000000ed03f000, 0x00000000f1a80000)
 Metaspace       used 7486K, capacity 7742K, committed 7936K, reserved 1056768K
  class space    used 906K, capacity 976K, committed 1024K, reserved 1048576K
Event: 8.013 GC heap after
Heap after GC invocations=24 (full 4):
 def new generation   total 196608K, used 21823K [0x00000000c2800000, 0x00000000cfd50000, 0x00000000d7000000)
  eden space 174784K,   0% used [0x00000000c2800000, 0x00000000c2800000, 0x00000000cd2b0000)
  from space 21824K,  99% used [0x00000000ce800000, 0x00000000cfd4fff8, 0x00000000cfd50000)
  to   space 21824K,   0% used [0x00000000cd2b0000, 0x00000000cd2b0000, 0x00000000ce800000)
 tenured generation   total 436736K, used 416879K [0x00000000d7000000, 0x00000000f1a80000, 0x0000000100000000)
   the space 436736K,  95% used [0x00000000d7000000, 0x00000000f071bee8, 0x00000000f071c000, 0x00000000f1a80000)
 Metaspace       used 7486K, capacity 7742K, committed 7936K, reserved 1056768K
  class space    used 906K, capacity 976K, committed 1024K, reserved 1048576K
}
Event: 8.226 GC heap before
{Heap before GC invocations=24 (full 4):
 def new generation   total 196608K, used 196607K [0x00000000c2800000, 0x00000000cfd50000, 0x00000000d7000000)
  eden space 174784K, 100% used [0x00000000c2800000, 0x00000000cd2b0000, 0x00000000cd2b0000)
  from space 21824K,  99% used [0x00000000ce800000, 0x00000000cfd4fff8, 0x00000000cfd50000)
  to   space 21824K,   0% used [0x00000000cd2b0000, 0x00000000cd2b0000, 0x00000000ce800000)
 tenured generation   total 436736K, used 416879K [0x00000000d7000000, 0x00000000f1a80000, 0x0000000100000000)
   the space 436736K,  95% used [0x00000000d7000000, 0x00000000f071bee8, 0x00000000f071c000, 0x00000000f1a80000)
 Metaspace       used 7486K, capacity 7742K, committed 7936K, reserved 1056768K
  class space    used 906K, capacity 976K, committed 1024K, reserved 1048576K

